#! /usr/bin/vvp
:ivl_version "10.1 (stable)";
:ivl_delay_selection "TYPICAL";
:vpi_time_precision - 9;
:vpi_module "system";
:vpi_module "vhdl_sys";
:vpi_module "v2005_math";
:vpi_module "va_math";
S_0x7fffea2618f0 .scope module, "AND3_TEST" "AND3_TEST" 2 41;
 .timescale -9 -9;
v0x7fffea282c80_0 .var "CK", 0 0;
v0x7fffea282d20_0 .var "D", 0 0;
v0x7fffea282de0_0 .net "Qa", 0 0, v0x7fffea282b80_0;  1 drivers
v0x7fffea282e80_0 .net "Qi", 0 0, v0x7fffea282220_0;  1 drivers
S_0x7fffea261a70 .scope module, "A" "PE_FFi" 2 46, 2 16 0, S_0x7fffea2618f0;
 .timescale 0 0;
    .port_info 0 /INPUT 1 "CK"
    .port_info 1 /INPUT 1 "D"
    .port_info 2 /OUTPUT 1 "Qi"
L_0x7fffea282f70 .functor NOT 1, v0x7fffea282c80_0, C4<0>, C4<0>, C4<0>;
v0x7fffea282370_0 .net "CK", 0 0, v0x7fffea282c80_0;  1 drivers
v0x7fffea282440_0 .net "D", 0 0, v0x7fffea282d20_0;  1 drivers
v0x7fffea282510_0 .net "Qi", 0 0, v0x7fffea282220_0;  alias, 1 drivers
v0x7fffea282610_0 .net "q", 0 0, v0x7fffea281d10_0;  1 drivers
S_0x7fffea261c90 .scope module, "L1" "LATCH" 2 21, 2 4 0, S_0x7fffea261a70;
 .timescale 0 0;
    .port_info 0 /INPUT 1 "G"
    .port_info 1 /INPUT 1 "D"
    .port_info 2 /OUTPUT 1 "Q"
v0x7fffea261eb0_0 .net "D", 0 0, v0x7fffea282d20_0;  alias, 1 drivers
v0x7fffea281c50_0 .net "G", 0 0, v0x7fffea282c80_0;  alias, 1 drivers
v0x7fffea281d10_0 .var "Q", 0 0;
E_0x7fffea258750 .event edge, v0x7fffea261eb0_0, v0x7fffea281c50_0;
S_0x7fffea281e30 .scope module, "L2" "LATCH" 2 22, 2 4 0, S_0x7fffea261a70;
 .timescale 0 0;
    .port_info 0 /INPUT 1 "G"
    .port_info 1 /INPUT 1 "D"
    .port_info 2 /OUTPUT 1 "Q"
v0x7fffea282090_0 .net "D", 0 0, v0x7fffea281d10_0;  alias, 1 drivers
v0x7fffea282180_0 .net "G", 0 0, L_0x7fffea282f70;  1 drivers
v0x7fffea282220_0 .var "Q", 0 0;
E_0x7fffea258600 .event edge, v0x7fffea281d10_0, v0x7fffea282180_0;
S_0x7fffea282700 .scope module, "B" "PE_FFa" 2 47, 2 26 0, S_0x7fffea2618f0;
 .timescale 0 0;
    .port_info 0 /INPUT 1 "CK"
    .port_info 1 /INPUT 1 "D"
    .port_info 2 /OUTPUT 1 "Qa"
v0x7fffea282960_0 .net "CK", 0 0, v0x7fffea282c80_0;  alias, 1 drivers
v0x7fffea282a70_0 .net "D", 0 0, v0x7fffea282d20_0;  alias, 1 drivers
v0x7fffea282b80_0 .var "Qa", 0 0;
E_0x7fffea258990 .event posedge, v0x7fffea281c50_0;
    .scope S_0x7fffea261c90;
T_0 ;
    %wait E_0x7fffea258750;
    %load/vec4 v0x7fffea281c50_0;
    %flag_set/vec4 8;
    %jmp/0xz  T_0.0, 8;
    %load/vec4 v0x7fffea261eb0_0;
    %store/vec4 v0x7fffea281d10_0, 0, 1;
T_0.0 ;
    %jmp T_0;
    .thread T_0, $push;
    .scope S_0x7fffea281e30;
T_1 ;
    %wait E_0x7fffea258600;
    %load/vec4 v0x7fffea282180_0;
    %flag_set/vec4 8;
    %jmp/0xz  T_1.0, 8;
    %load/vec4 v0x7fffea282090_0;
    %store/vec4 v0x7fffea282220_0, 0, 1;
T_1.0 ;
    %jmp T_1;
    .thread T_1, $push;
    .scope S_0x7fffea282700;
T_2 ;
    %wait E_0x7fffea258990;
    %load/vec4 v0x7fffea282a70_0;
    %assign/vec4 v0x7fffea282b80_0, 0;
    %jmp T_2;
    .thread T_2;
    .scope S_0x7fffea2618f0;
T_3 ;
    %vpi_call 2 50 "$dumpfile", "AND3_TEST.vcd" {0 0 0};
    %vpi_call 2 51 "$dumpvars", 32'sb00000000000000000000000000000000 {0 0 0};
    %vpi_call 2 52 "$monitor", "%t D:%b CK:%b Qi:%b Qa:%b", $time, v0x7fffea282d20_0, v0x7fffea282c80_0, v0x7fffea282e80_0, v0x7fffea282de0_0 {0 0 0};
    %pushi/vec4 0, 0, 1;
    %store/vec4 v0x7fffea282d20_0, 0, 1;
    %pushi/vec4 0, 0, 1;
    %store/vec4 v0x7fffea282c80_0, 0, 1;
    %delay 5, 0;
    %pushi/vec4 1, 0, 1;
    %assign/vec4 v0x7fffea282d20_0, 0;
    %delay 15, 0;
    %pushi/vec4 0, 0, 1;
    %assign/vec4 v0x7fffea282d20_0, 0;
    %delay 18, 0;
    %pushi/vec4 1, 0, 1;
    %assign/vec4 v0x7fffea282d20_0, 0;
    %delay 20, 0;
    %pushi/vec4 0, 0, 1;
    %assign/vec4 v0x7fffea282d20_0, 0;
    %delay 28, 0;
    %pushi/vec4 1, 0, 1;
    %assign/vec4 v0x7fffea282d20_0, 0;
    %delay 35, 0;
    %pushi/vec4 0, 0, 1;
    %assign/vec4 v0x7fffea282d20_0, 0;
    %delay 10, 0;
    %vpi_call 2 69 "$finish" {0 0 0};
    %end;
    .thread T_3;
    .scope S_0x7fffea2618f0;
T_4 ;
    %delay 10, 0;
    %load/vec4 v0x7fffea282c80_0;
    %inv;
    %assign/vec4 v0x7fffea282c80_0, 0;
    %jmp T_4;
    .thread T_4;
# The file index is used to find the file name in the following table.
:file_names 3;
    "N/A";
    "<interactive>";
    "AND3.v";
