#! /usr/bin/vvp
:ivl_version "10.1 (stable)";
:ivl_delay_selection "TYPICAL";
:vpi_time_precision + 0;
:vpi_module "system";
:vpi_module "vhdl_sys";
:vpi_module "v2005_math";
:vpi_module "va_math";
S_0x7fffcfc73190 .scope module, "sample3_1" "sample3_1" 2 1;
 .timescale 0 0;
    .port_info 0 /OUTPUT 1 "Y"
    .port_info 1 /INPUT 1 "A"
    .port_info 2 /INPUT 1 "B"
    .port_info 3 /INPUT 1 "S"
o0x7f4209140018 .functor BUFZ 1, C4<z>; HiZ drive
o0x7f4209140048 .functor BUFZ 1, C4<z>; HiZ drive
L_0x7fffcfc939c0 .functor AND 1, o0x7f4209140018, o0x7f4209140048, C4<1>, C4<1>;
L_0x7fffcfc93bb0 .functor AND 1, o0x7f4209140048, L_0x7fffcfc93ab0, C4<1>, C4<1>;
L_0x7fffcfc93cf0 .functor OR 1, L_0x7fffcfc939c0, L_0x7fffcfc93bb0, C4<0>, C4<0>;
v0x7fffcfc73380_0 .net "A", 0 0, o0x7f4209140018;  0 drivers
v0x7fffcfc93420_0 .net "B", 0 0, o0x7f4209140048;  0 drivers
o0x7f4209140078 .functor BUFZ 1, C4<z>; HiZ drive
v0x7fffcfc934e0_0 .net "S", 0 0, o0x7f4209140078;  0 drivers
v0x7fffcfc935b0_0 .net "Y", 0 0, L_0x7fffcfc93cf0;  1 drivers
v0x7fffcfc93670_0 .net *"_s0", 0 0, L_0x7fffcfc939c0;  1 drivers
v0x7fffcfc937a0_0 .net *"_s3", 0 0, L_0x7fffcfc93ab0;  1 drivers
v0x7fffcfc93860_0 .net *"_s4", 0 0, L_0x7fffcfc93bb0;  1 drivers
L_0x7fffcfc93ab0 .reduce/nor o0x7f4209140078;
# The file index is used to find the file name in the following table.
:file_names 3;
    "N/A";
    "<interactive>";
    "3-1-1.v";
