#! /usr/bin/vvp
:ivl_version "10.1 (stable)";
:ivl_delay_selection "TYPICAL";
:vpi_time_precision - 9;
:vpi_module "system";
:vpi_module "vhdl_sys";
:vpi_module "v2005_math";
:vpi_module "va_math";
S_0x7fffe58137a0 .scope module, "BCD2_COUNT" "BCD2_COUNT" 2 21;
 .timescale -9 -9;
    .port_info 0 /INPUT 1 "CK"
    .port_info 1 /INPUT 1 "CE"
    .port_info 2 /INPUT 1 "AR"
    .port_info 3 /OUTPUT 1 "CO"
    .port_info 4 /OUTPUT 8 "Q"
o0x7f035c4f0018 .functor BUFZ 1, C4<z>; HiZ drive
v0x7fffe58343e0_0 .net "AR", 0 0, o0x7f035c4f0018;  0 drivers
o0x7f035c4f0048 .functor BUFZ 1, C4<z>; HiZ drive
v0x7fffe58344f0_0 .net "CE", 0 0, o0x7f035c4f0048;  0 drivers
o0x7f035c4f0078 .functor BUFZ 1, C4<z>; HiZ drive
v0x7fffe5834600_0 .net "CK", 0 0, o0x7f035c4f0078;  0 drivers
v0x7fffe58346f0_0 .var "CO", 0 0;
v0x7fffe5834790_0 .var "Q", 7 0;
v0x7fffe58348a0_0 .net "co1", 0 0, v0x7fffe5833a90_0;  1 drivers
v0x7fffe5834940_0 .net "co2", 0 0, v0x7fffe58341d0_0;  1 drivers
v0x7fffe58349e0_0 .net "lower", 3 0, v0x7fffe5833b50_0;  1 drivers
v0x7fffe5834a80_0 .net "upper", 3 0, v0x7fffe5834270_0;  1 drivers
S_0x7fffe5813b20 .scope module, "BC1" "BCD_COUNT" 2 31, 2 3 0, S_0x7fffe58137a0;
 .timescale -9 -9;
    .port_info 0 /INPUT 1 "CK"
    .port_info 1 /INPUT 1 "CE"
    .port_info 2 /INPUT 1 "AR"
    .port_info 3 /OUTPUT 1 "CO"
    .port_info 4 /OUTPUT 4 "Q"
v0x7fffe580edb0_0 .net "AR", 0 0, o0x7f035c4f0018;  alias, 0 drivers
v0x7fffe580ee50_0 .net "CE", 0 0, o0x7f035c4f0048;  alias, 0 drivers
v0x7fffe58339f0_0 .net "CK", 0 0, o0x7f035c4f0078;  alias, 0 drivers
v0x7fffe5833a90_0 .var "CO", 0 0;
v0x7fffe5833b50_0 .var "Q", 3 0;
E_0x7fffe5804b80/0 .event negedge, v0x7fffe580edb0_0;
E_0x7fffe5804b80/1 .event posedge, v0x7fffe58339f0_0;
E_0x7fffe5804b80 .event/or E_0x7fffe5804b80/0, E_0x7fffe5804b80/1;
S_0x7fffe5833d20 .scope module, "BC2" "BCD_COUNT" 2 32, 2 3 0, S_0x7fffe58137a0;
 .timescale -9 -9;
    .port_info 0 /INPUT 1 "CK"
    .port_info 1 /INPUT 1 "CE"
    .port_info 2 /INPUT 1 "AR"
    .port_info 3 /OUTPUT 1 "CO"
    .port_info 4 /OUTPUT 4 "Q"
v0x7fffe5833f90_0 .net "AR", 0 0, o0x7f035c4f0018;  alias, 0 drivers
v0x7fffe5834030_0 .net "CE", 0 0, o0x7f035c4f0048;  alias, 0 drivers
v0x7fffe58340d0_0 .net "CK", 0 0, o0x7f035c4f0078;  alias, 0 drivers
v0x7fffe58341d0_0 .var "CO", 0 0;
v0x7fffe5834270_0 .var "Q", 3 0;
S_0x7fffe58139a0 .scope module, "bcd2_test" "bcd2_test" 2 36;
 .timescale -9 -9;
v0x7fffe5835310_0 .var "AR", 0 0;
v0x7fffe58353d0_0 .var "CE", 0 0;
v0x7fffe58354a0_0 .var "CK", 0 0;
v0x7fffe58355a0_0 .net "CO", 0 0, v0x7fffe5835080_0;  1 drivers
v0x7fffe5835670_0 .net "Q", 3 0, v0x7fffe5835140_0;  1 drivers
S_0x7fffe5834bb0 .scope module, "bc" "BCD_COUNT" 2 41, 2 3 0, S_0x7fffe58139a0;
 .timescale -9 -9;
    .port_info 0 /INPUT 1 "CK"
    .port_info 1 /INPUT 1 "CE"
    .port_info 2 /INPUT 1 "AR"
    .port_info 3 /OUTPUT 1 "CO"
    .port_info 4 /OUTPUT 4 "Q"
v0x7fffe5834e10_0 .net "AR", 0 0, v0x7fffe5835310_0;  1 drivers
v0x7fffe5834ef0_0 .net "CE", 0 0, v0x7fffe58353d0_0;  1 drivers
v0x7fffe5834fb0_0 .net "CK", 0 0, v0x7fffe58354a0_0;  1 drivers
v0x7fffe5835080_0 .var "CO", 0 0;
v0x7fffe5835140_0 .var "Q", 3 0;
E_0x7fffe5804c90/0 .event negedge, v0x7fffe5834e10_0;
E_0x7fffe5804c90/1 .event posedge, v0x7fffe5834fb0_0;
E_0x7fffe5804c90 .event/or E_0x7fffe5804c90/0, E_0x7fffe5804c90/1;
    .scope S_0x7fffe5813b20;
T_0 ;
    %wait E_0x7fffe5804b80;
    %load/vec4 v0x7fffe580edb0_0;
    %inv;
    %load/vec4 v0x7fffe5833b50_0;
    %parti/s 1, 3, 3;
    %load/vec4 v0x7fffe5833b50_0;
    %parti/s 1, 0, 2;
    %and;
    %load/vec4 v0x7fffe580ee50_0;
    %and;
    %or;
    %flag_set/vec4 8;
    %jmp/0xz  T_0.0, 8;
    %pushi/vec4 0, 0, 4;
    %store/vec4 v0x7fffe5833b50_0, 0, 4;
    %jmp T_0.1;
T_0.0 ;
    %load/vec4 v0x7fffe580ee50_0;
    %flag_set/vec4 8;
    %jmp/0xz  T_0.2, 8;
    %load/vec4 v0x7fffe5833b50_0;
    %addi 1, 0, 4;
    %store/vec4 v0x7fffe5833b50_0, 0, 4;
T_0.2 ;
T_0.1 ;
    %load/vec4 v0x7fffe5833b50_0;
    %parti/s 1, 3, 3;
    %load/vec4 v0x7fffe5833b50_0;
    %parti/s 1, 0, 2;
    %and;
    %load/vec4 v0x7fffe580ee50_0;
    %and;
    %store/vec4 v0x7fffe5833a90_0, 0, 1;
    %jmp T_0;
    .thread T_0;
    .scope S_0x7fffe5833d20;
T_1 ;
    %wait E_0x7fffe5804b80;
    %load/vec4 v0x7fffe5833f90_0;
    %inv;
    %load/vec4 v0x7fffe5834270_0;
    %parti/s 1, 3, 3;
    %load/vec4 v0x7fffe5834270_0;
    %parti/s 1, 0, 2;
    %and;
    %load/vec4 v0x7fffe5834030_0;
    %and;
    %or;
    %flag_set/vec4 8;
    %jmp/0xz  T_1.0, 8;
    %pushi/vec4 0, 0, 4;
    %store/vec4 v0x7fffe5834270_0, 0, 4;
    %jmp T_1.1;
T_1.0 ;
    %load/vec4 v0x7fffe5834030_0;
    %flag_set/vec4 8;
    %jmp/0xz  T_1.2, 8;
    %load/vec4 v0x7fffe5834270_0;
    %addi 1, 0, 4;
    %store/vec4 v0x7fffe5834270_0, 0, 4;
T_1.2 ;
T_1.1 ;
    %load/vec4 v0x7fffe5834270_0;
    %parti/s 1, 3, 3;
    %load/vec4 v0x7fffe5834270_0;
    %parti/s 1, 0, 2;
    %and;
    %load/vec4 v0x7fffe5834030_0;
    %and;
    %store/vec4 v0x7fffe58341d0_0, 0, 1;
    %jmp T_1;
    .thread T_1;
    .scope S_0x7fffe5834bb0;
T_2 ;
    %wait E_0x7fffe5804c90;
    %load/vec4 v0x7fffe5834e10_0;
    %inv;
    %load/vec4 v0x7fffe5835140_0;
    %parti/s 1, 3, 3;
    %load/vec4 v0x7fffe5835140_0;
    %parti/s 1, 0, 2;
    %and;
    %load/vec4 v0x7fffe5834ef0_0;
    %and;
    %or;
    %flag_set/vec4 8;
    %jmp/0xz  T_2.0, 8;
    %pushi/vec4 0, 0, 4;
    %store/vec4 v0x7fffe5835140_0, 0, 4;
    %jmp T_2.1;
T_2.0 ;
    %load/vec4 v0x7fffe5834ef0_0;
    %flag_set/vec4 8;
    %jmp/0xz  T_2.2, 8;
    %load/vec4 v0x7fffe5835140_0;
    %addi 1, 0, 4;
    %store/vec4 v0x7fffe5835140_0, 0, 4;
T_2.2 ;
T_2.1 ;
    %load/vec4 v0x7fffe5835140_0;
    %parti/s 1, 3, 3;
    %load/vec4 v0x7fffe5835140_0;
    %parti/s 1, 0, 2;
    %and;
    %load/vec4 v0x7fffe5834ef0_0;
    %and;
    %store/vec4 v0x7fffe5835080_0, 0, 1;
    %jmp T_2;
    .thread T_2;
    .scope S_0x7fffe58139a0;
T_3 ;
    %vpi_call 2 44 "$dumpfile", "test.vcd" {0 0 0};
    %vpi_call 2 45 "$dumpvars", 32'sb00000000000000000000000000000000 {0 0 0};
    %vpi_call 2 46 "$monitor", "%4t CK:%b CE:%b AR:%b CO:%b Q:%b", $time, v0x7fffe58354a0_0, v0x7fffe58353d0_0, v0x7fffe5835310_0, v0x7fffe58355a0_0, v0x7fffe5835670_0 {0 0 0};
    %pushi/vec4 0, 0, 1;
    %store/vec4 v0x7fffe58354a0_0, 0, 1;
    %pushi/vec4 0, 0, 1;
    %store/vec4 v0x7fffe58353d0_0, 0, 1;
    %pushi/vec4 1, 0, 1;
    %store/vec4 v0x7fffe5835310_0, 0, 1;
    %delay 1, 0;
    %pushi/vec4 0, 0, 1;
    %store/vec4 v0x7fffe5835310_0, 0, 1;
    %delay 4, 0;
    %pushi/vec4 1, 0, 1;
    %store/vec4 v0x7fffe5835310_0, 0, 1;
    %pushi/vec4 1, 0, 1;
    %store/vec4 v0x7fffe58353d0_0, 0, 1;
    %delay 20, 0;
    %pushi/vec4 0, 0, 1;
    %store/vec4 v0x7fffe58353d0_0, 0, 1;
    %delay 20, 0;
    %pushi/vec4 1, 0, 1;
    %store/vec4 v0x7fffe58353d0_0, 0, 1;
    %delay 155, 0;
    %pushi/vec4 0, 0, 1;
    %store/vec4 v0x7fffe58353d0_0, 0, 1;
    %delay 20, 0;
    %pushi/vec4 1, 0, 1;
    %store/vec4 v0x7fffe58353d0_0, 0, 1;
    %delay 39, 0;
    %pushi/vec4 0, 0, 1;
    %store/vec4 v0x7fffe5835310_0, 0, 1;
    %delay 1, 0;
    %pushi/vec4 1, 0, 1;
    %store/vec4 v0x7fffe5835310_0, 0, 1;
    %delay 20, 0;
    %vpi_call 2 60 "$finish" {0 0 0};
    %end;
    .thread T_3;
    .scope S_0x7fffe58139a0;
T_4 ;
    %delay 10, 0;
    %load/vec4 v0x7fffe58354a0_0;
    %inv;
    %assign/vec4 v0x7fffe58354a0_0, 0;
    %jmp T_4;
    .thread T_4;
# The file index is used to find the file name in the following table.
:file_names 3;
    "N/A";
    "<interactive>";
    "/mnt/c/Users/kouki/Documents/Projects/verilog_test/exam6/3d/a.v";
