#! /usr/bin/vvp
:ivl_version "10.1 (stable)";
:ivl_delay_selection "TYPICAL";
:vpi_time_precision - 9;
:vpi_module "system";
:vpi_module "vhdl_sys";
:vpi_module "v2005_math";
:vpi_module "va_math";
S_0x7fffc1a8d790 .scope module, "DFF_TEST" "DFF_TEST" 2 18;
 .timescale -9 -9;
v0x7fffc1aadee0_0 .var "CK", 0 0;
v0x7fffc1aadfa0_0 .var "D", 0 0;
v0x7fffc1aae070_0 .net "Q", 0 0, v0x7fffc1aadba0_0;  1 drivers
v0x7fffc1aae170_0 .var "nCr", 0 0;
v0x7fffc1aae240_0 .net "nQ", 0 0, v0x7fffc1aadd30_0;  1 drivers
S_0x7fffc1a8d910 .scope module, "dx" "DFF_AR" 2 22, 2 3 0, S_0x7fffc1a8d790;
 .timescale -9 -9;
    .port_info 0 /INPUT 1 "CK"
    .port_info 1 /INPUT 1 "D"
    .port_info 2 /INPUT 1 "nCr"
    .port_info 3 /OUTPUT 1 "Q"
    .port_info 4 /OUTPUT 1 "nQ"
v0x7fffc1a8db60_0 .net "CK", 0 0, v0x7fffc1aadee0_0;  1 drivers
v0x7fffc1aadae0_0 .net "D", 0 0, v0x7fffc1aadfa0_0;  1 drivers
v0x7fffc1aadba0_0 .var "Q", 0 0;
v0x7fffc1aadc70_0 .net "nCr", 0 0, v0x7fffc1aae170_0;  1 drivers
v0x7fffc1aadd30_0 .var "nQ", 0 0;
E_0x7fffc1a85950/0 .event negedge, v0x7fffc1aadc70_0;
E_0x7fffc1a85950/1 .event posedge, v0x7fffc1a8db60_0;
E_0x7fffc1a85950 .event/or E_0x7fffc1a85950/0, E_0x7fffc1a85950/1;
    .scope S_0x7fffc1a8d910;
T_0 ;
    %wait E_0x7fffc1a85950;
    %load/vec4 v0x7fffc1aadc70_0;
    %inv;
    %flag_set/vec4 8;
    %jmp/0xz  T_0.0, 8;
    %delay 1, 0;
    %pushi/vec4 0, 0, 1;
    %store/vec4 v0x7fffc1aadba0_0, 0, 1;
    %jmp T_0.1;
T_0.0 ;
    %delay 1, 0;
    %load/vec4 v0x7fffc1aadae0_0;
    %store/vec4 v0x7fffc1aadba0_0, 0, 1;
T_0.1 ;
    %load/vec4 v0x7fffc1aadba0_0;
    %inv;
    %store/vec4 v0x7fffc1aadd30_0, 0, 1;
    %jmp T_0;
    .thread T_0;
    .scope S_0x7fffc1a8d790;
T_1 ;
    %vpi_call 2 25 "$dumpfile", "test.vcd" {0 0 0};
    %vpi_call 2 26 "$dumpvars", 32'sb00000000000000000000000000000000 {0 0 0};
    %vpi_call 2 27 "$monitor", "%4t CK:%b D:%b nCr:%b Q:%b nQ:%b", $time, v0x7fffc1aadee0_0, v0x7fffc1aadfa0_0, v0x7fffc1aae170_0, v0x7fffc1aae070_0, v0x7fffc1aae240_0 {0 0 0};
    %pushi/vec4 0, 0, 1;
    %store/vec4 v0x7fffc1aadee0_0, 0, 1;
    %pushi/vec4 1, 0, 1;
    %store/vec4 v0x7fffc1aadfa0_0, 0, 1;
    %pushi/vec4 1, 0, 1;
    %store/vec4 v0x7fffc1aae170_0, 0, 1;
    %delay 5, 0;
    %pushi/vec4 0, 0, 1;
    %store/vec4 v0x7fffc1aae170_0, 0, 1;
    %delay 1, 0;
    %pushi/vec4 1, 0, 1;
    %store/vec4 v0x7fffc1aae170_0, 0, 1;
    %delay 9, 0;
    %pushi/vec4 0, 0, 1;
    %store/vec4 v0x7fffc1aadfa0_0, 0, 1;
    %pushi/vec4 1, 0, 1;
    %store/vec4 v0x7fffc1aae170_0, 0, 1;
    %delay 20, 0;
    %vpi_call 2 36 "$finish" {0 0 0};
    %end;
    .thread T_1;
    .scope S_0x7fffc1a8d790;
T_2 ;
    %delay 10, 0;
    %load/vec4 v0x7fffc1aadee0_0;
    %inv;
    %assign/vec4 v0x7fffc1aadee0_0, 0;
    %jmp T_2;
    .thread T_2;
# The file index is used to find the file name in the following table.
:file_names 3;
    "N/A";
    "<interactive>";
    "/mnt/c/Users/kouki/Documents/Projects/verilog_test/exam6/3a/a.v";
