#! /usr/bin/vvp
:ivl_version "10.1 (stable)";
:ivl_delay_selection "TYPICAL";
:vpi_time_precision + 0;
:vpi_module "system";
:vpi_module "vhdl_sys";
:vpi_module "v2005_math";
:vpi_module "va_math";
S_0x7fffe536a9b0 .scope module, "seg_test" "seg_test" 2 32;
 .timescale 0 0;
v0x7fffe538b000_0 .var "bcd", 3 0;
v0x7fffe538b0f0_0 .net "seg", 6 0, v0x7fffe538ae00_0;  1 drivers
S_0x7fffe536ab30 .scope module, "D" "DEC7SEG" 2 36, 2 1 0, S_0x7fffe536a9b0;
 .timescale 0 0;
    .port_info 0 /INPUT 4 "BCD"
    .port_info 1 /OUTPUT 7 "S"
v0x7fffe536ad20_0 .net "BCD", 3 0, v0x7fffe538b000_0;  1 drivers
v0x7fffe538ae00_0 .var "S", 6 0;
v0x7fffe538aee0_0 .var "tp", 6 0;
E_0x7fffe535e620 .event edge, v0x7fffe536ad20_0, v0x7fffe538aee0_0;
    .scope S_0x7fffe536ab30;
T_0 ;
    %wait E_0x7fffe535e620;
    %load/vec4 v0x7fffe536ad20_0;
    %dup/vec4;
    %pushi/vec4 0, 0, 4;
    %cmp/u;
    %jmp/1 T_0.0, 6;
    %dup/vec4;
    %pushi/vec4 1, 0, 4;
    %cmp/u;
    %jmp/1 T_0.1, 6;
    %dup/vec4;
    %pushi/vec4 2, 0, 4;
    %cmp/u;
    %jmp/1 T_0.2, 6;
    %dup/vec4;
    %pushi/vec4 3, 0, 4;
    %cmp/u;
    %jmp/1 T_0.3, 6;
    %dup/vec4;
    %pushi/vec4 4, 0, 4;
    %cmp/u;
    %jmp/1 T_0.4, 6;
    %dup/vec4;
    %pushi/vec4 5, 0, 4;
    %cmp/u;
    %jmp/1 T_0.5, 6;
    %dup/vec4;
    %pushi/vec4 6, 0, 4;
    %cmp/u;
    %jmp/1 T_0.6, 6;
    %dup/vec4;
    %pushi/vec4 7, 0, 4;
    %cmp/u;
    %jmp/1 T_0.7, 6;
    %dup/vec4;
    %pushi/vec4 8, 0, 4;
    %cmp/u;
    %jmp/1 T_0.8, 6;
    %dup/vec4;
    %pushi/vec4 9, 0, 4;
    %cmp/u;
    %jmp/1 T_0.9, 6;
    %pushi/vec4 0, 0, 7;
    %store/vec4 v0x7fffe538aee0_0, 0, 7;
    %jmp T_0.11;
T_0.0 ;
    %pushi/vec4 126, 0, 7;
    %store/vec4 v0x7fffe538aee0_0, 0, 7;
    %jmp T_0.11;
T_0.1 ;
    %pushi/vec4 48, 0, 7;
    %store/vec4 v0x7fffe538aee0_0, 0, 7;
    %jmp T_0.11;
T_0.2 ;
    %pushi/vec4 109, 0, 7;
    %store/vec4 v0x7fffe538aee0_0, 0, 7;
    %jmp T_0.11;
T_0.3 ;
    %pushi/vec4 121, 0, 7;
    %store/vec4 v0x7fffe538aee0_0, 0, 7;
    %jmp T_0.11;
T_0.4 ;
    %pushi/vec4 51, 0, 7;
    %store/vec4 v0x7fffe538aee0_0, 0, 7;
    %jmp T_0.11;
T_0.5 ;
    %pushi/vec4 91, 0, 7;
    %store/vec4 v0x7fffe538aee0_0, 0, 7;
    %jmp T_0.11;
T_0.6 ;
    %pushi/vec4 95, 0, 7;
    %store/vec4 v0x7fffe538aee0_0, 0, 7;
    %jmp T_0.11;
T_0.7 ;
    %pushi/vec4 112, 0, 7;
    %store/vec4 v0x7fffe538aee0_0, 0, 7;
    %jmp T_0.11;
T_0.8 ;
    %pushi/vec4 127, 0, 7;
    %store/vec4 v0x7fffe538aee0_0, 0, 7;
    %jmp T_0.11;
T_0.9 ;
    %pushi/vec4 123, 0, 7;
    %store/vec4 v0x7fffe538aee0_0, 0, 7;
    %jmp T_0.11;
T_0.11 ;
    %pop/vec4 1;
    %load/vec4 v0x7fffe538aee0_0;
    %parti/s 1, 0, 2;
    %ix/load 4, 0, 0;
    %flag_set/imm 4, 0;
    %store/vec4 v0x7fffe538ae00_0, 4, 1;
    %load/vec4 v0x7fffe538aee0_0;
    %parti/s 1, 1, 2;
    %ix/load 4, 1, 0;
    %flag_set/imm 4, 0;
    %store/vec4 v0x7fffe538ae00_0, 4, 1;
    %load/vec4 v0x7fffe538aee0_0;
    %parti/s 1, 2, 3;
    %ix/load 4, 2, 0;
    %flag_set/imm 4, 0;
    %store/vec4 v0x7fffe538ae00_0, 4, 1;
    %load/vec4 v0x7fffe538aee0_0;
    %parti/s 1, 3, 3;
    %ix/load 4, 3, 0;
    %flag_set/imm 4, 0;
    %store/vec4 v0x7fffe538ae00_0, 4, 1;
    %load/vec4 v0x7fffe538aee0_0;
    %parti/s 1, 4, 4;
    %ix/load 4, 4, 0;
    %flag_set/imm 4, 0;
    %store/vec4 v0x7fffe538ae00_0, 4, 1;
    %load/vec4 v0x7fffe538aee0_0;
    %parti/s 1, 5, 4;
    %ix/load 4, 5, 0;
    %flag_set/imm 4, 0;
    %store/vec4 v0x7fffe538ae00_0, 4, 1;
    %load/vec4 v0x7fffe538aee0_0;
    %parti/s 1, 6, 4;
    %ix/load 4, 6, 0;
    %flag_set/imm 4, 0;
    %store/vec4 v0x7fffe538ae00_0, 4, 1;
    %jmp T_0;
    .thread T_0, $push;
    .scope S_0x7fffe536a9b0;
T_1 ;
    %vpi_call 2 39 "$dumpfile", "7seg.vcd" {0 0 0};
    %vpi_call 2 40 "$dumpvars", 32'sb00000000000000000000000000000000 {0 0 0};
    %vpi_call 2 41 "$monitor", "%4t BCD:%b SEG:%b", $time, v0x7fffe538b000_0, v0x7fffe538b0f0_0 {0 0 0};
    %pushi/vec4 0, 0, 4;
    %store/vec4 v0x7fffe538b000_0, 0, 4;
    %delay 10, 0;
    %pushi/vec4 1, 0, 4;
    %store/vec4 v0x7fffe538b000_0, 0, 4;
    %delay 10, 0;
    %pushi/vec4 2, 0, 4;
    %store/vec4 v0x7fffe538b000_0, 0, 4;
    %delay 10, 0;
    %pushi/vec4 3, 0, 4;
    %store/vec4 v0x7fffe538b000_0, 0, 4;
    %delay 10, 0;
    %pushi/vec4 4, 0, 4;
    %store/vec4 v0x7fffe538b000_0, 0, 4;
    %delay 10, 0;
    %pushi/vec4 5, 0, 4;
    %store/vec4 v0x7fffe538b000_0, 0, 4;
    %delay 10, 0;
    %pushi/vec4 6, 0, 4;
    %store/vec4 v0x7fffe538b000_0, 0, 4;
    %delay 10, 0;
    %pushi/vec4 7, 0, 4;
    %store/vec4 v0x7fffe538b000_0, 0, 4;
    %delay 10, 0;
    %pushi/vec4 8, 0, 4;
    %store/vec4 v0x7fffe538b000_0, 0, 4;
    %delay 10, 0;
    %pushi/vec4 9, 0, 4;
    %store/vec4 v0x7fffe538b000_0, 0, 4;
    %delay 10, 0;
    %vpi_call 2 53 "$finish" {0 0 0};
    %end;
    .thread T_1;
# The file index is used to find the file name in the following table.
:file_names 3;
    "N/A";
    "<interactive>";
    "/mnt/c/Users/kouki/Documents/Projects/verilog_test/exam4/3b/a.v";
