#! /usr/bin/vvp
:ivl_version "10.1 (stable)";
:ivl_delay_selection "TYPICAL";
:vpi_time_precision - 9;
:vpi_module "system";
:vpi_module "vhdl_sys";
:vpi_module "v2005_math";
:vpi_module "va_math";
S_0x7fffee662470 .scope module, "FA_TEST" "FA_TEST" 2 16;
 .timescale -9 -9;
v0x7fffee682ed0_0 .var "a", 0 0;
v0x7fffee682f90_0 .var "b", 0 0;
v0x7fffee683030_0 .var "ci", 0 0;
v0x7fffee683130_0 .net "co", 0 0, L_0x7fffee6838e0;  1 drivers
v0x7fffee683200_0 .net "s", 0 0, L_0x7fffee6833e0;  1 drivers
S_0x7fffee6625f0 .scope module, "A" "FA" 2 20, 2 4 0, S_0x7fffee662470;
 .timescale 0 0;
    .port_info 0 /INPUT 1 "a"
    .port_info 1 /INPUT 1 "b"
    .port_info 2 /INPUT 1 "ci"
    .port_info 3 /OUTPUT 1 "s"
    .port_info 4 /OUTPUT 1 "co"
L_0x7fffee6832a0 .functor XOR 1, v0x7fffee682ed0_0, v0x7fffee682f90_0, C4<0>, C4<0>;
L_0x7fffee6833e0 .functor XOR 1, L_0x7fffee6832a0, v0x7fffee683030_0, C4<0>, C4<0>;
L_0x7fffee683540 .functor AND 1, v0x7fffee682ed0_0, v0x7fffee682f90_0, C4<1>, C4<1>;
L_0x7fffee6835b0 .functor AND 1, v0x7fffee682f90_0, v0x7fffee683030_0, C4<1>, C4<1>;
L_0x7fffee683650 .functor OR 1, L_0x7fffee683540, L_0x7fffee6835b0, C4<0>, C4<0>;
L_0x7fffee683710 .functor AND 1, v0x7fffee683030_0, v0x7fffee682ed0_0, C4<1>, C4<1>;
L_0x7fffee6838e0 .functor OR 1, L_0x7fffee683650, L_0x7fffee683710, C4<0>, C4<0>;
v0x7fffee662840_0 .net *"_s0", 0 0, L_0x7fffee6832a0;  1 drivers
v0x7fffee6826c0_0 .net *"_s10", 0 0, L_0x7fffee683710;  1 drivers
v0x7fffee6827a0_0 .net *"_s4", 0 0, L_0x7fffee683540;  1 drivers
v0x7fffee682860_0 .net *"_s6", 0 0, L_0x7fffee6835b0;  1 drivers
v0x7fffee682940_0 .net *"_s8", 0 0, L_0x7fffee683650;  1 drivers
v0x7fffee682a70_0 .net "a", 0 0, v0x7fffee682ed0_0;  1 drivers
v0x7fffee682b30_0 .net "b", 0 0, v0x7fffee682f90_0;  1 drivers
v0x7fffee682bf0_0 .net "ci", 0 0, v0x7fffee683030_0;  1 drivers
v0x7fffee682cb0_0 .net "co", 0 0, L_0x7fffee6838e0;  alias, 1 drivers
v0x7fffee682d70_0 .net "s", 0 0, L_0x7fffee6833e0;  alias, 1 drivers
    .scope S_0x7fffee662470;
T_0 ;
    %vpi_call 2 22 "$dumpfile", "FA_TEST.vcd" {0 0 0};
    %vpi_call 2 23 "$dumpvars", 32'sb00000000000000000000000000000000 {0 0 0};
    %vpi_call 2 24 "$monitor", "%4t a:%b b:%b ci:%b co:%b s:%b ", $time, v0x7fffee682ed0_0, v0x7fffee682f90_0, v0x7fffee683030_0, v0x7fffee683130_0, v0x7fffee683200_0 {0 0 0};
    %pushi/vec4 0, 0, 1;
    %store/vec4 v0x7fffee682ed0_0, 0, 1;
    %pushi/vec4 0, 0, 1;
    %store/vec4 v0x7fffee682f90_0, 0, 1;
    %pushi/vec4 0, 0, 1;
    %store/vec4 v0x7fffee683030_0, 0, 1;
    %delay 10, 0;
    %pushi/vec4 1, 0, 1;
    %store/vec4 v0x7fffee682ed0_0, 0, 1;
    %delay 10, 0;
    %pushi/vec4 1, 0, 1;
    %store/vec4 v0x7fffee682f90_0, 0, 1;
    %delay 10, 0;
    %pushi/vec4 0, 0, 1;
    %store/vec4 v0x7fffee682ed0_0, 0, 1;
    %delay 10, 0;
    %pushi/vec4 0, 0, 1;
    %store/vec4 v0x7fffee682f90_0, 0, 1;
    %delay 0, 0;
    %pushi/vec4 1, 0, 1;
    %store/vec4 v0x7fffee683030_0, 0, 1;
    %delay 10, 0;
    %pushi/vec4 1, 0, 1;
    %store/vec4 v0x7fffee682ed0_0, 0, 1;
    %delay 10, 0;
    %pushi/vec4 1, 0, 1;
    %store/vec4 v0x7fffee682f90_0, 0, 1;
    %delay 10, 0;
    %pushi/vec4 0, 0, 1;
    %store/vec4 v0x7fffee682ed0_0, 0, 1;
    %delay 10, 0;
    %vpi_call 2 38 "$finish" {0 0 0};
    %end;
    .thread T_0;
# The file index is used to find the file name in the following table.
:file_names 3;
    "N/A";
    "<interactive>";
    "e4.v";
