#! /usr/bin/vvp
:ivl_version "10.1 (stable)";
:ivl_delay_selection "TYPICAL";
:vpi_time_precision - 9;
:vpi_module "system";
:vpi_module "vhdl_sys";
:vpi_module "v2005_math";
:vpi_module "va_math";
S_0x7fffe082d4d0 .scope module, "FA_TEST" "FA_TEST" 2 10;
 .timescale -9 -9;
v0x7fffe084df30_0 .var "a", 0 0;
v0x7fffe084dff0_0 .var "b", 0 0;
v0x7fffe084e090_0 .var "ci", 0 0;
v0x7fffe084e190_0 .net "co", 0 0, L_0x7fffe084e940;  1 drivers
v0x7fffe084e260_0 .net "s", 0 0, L_0x7fffe084e440;  1 drivers
S_0x7fffe082d650 .scope module, "A" "FA" 2 14, 2 1 0, S_0x7fffe082d4d0;
 .timescale 0 0;
    .port_info 0 /INPUT 1 "a"
    .port_info 1 /INPUT 1 "b"
    .port_info 2 /INPUT 1 "ci"
    .port_info 3 /OUTPUT 1 "s"
    .port_info 4 /OUTPUT 1 "co"
L_0x7fffe084e300 .functor XOR 1, v0x7fffe084df30_0, v0x7fffe084dff0_0, C4<0>, C4<0>;
L_0x7fffe084e440 .functor XOR 1, L_0x7fffe084e300, v0x7fffe084e090_0, C4<0>, C4<0>;
L_0x7fffe084e5a0 .functor AND 1, v0x7fffe084df30_0, v0x7fffe084dff0_0, C4<1>, C4<1>;
L_0x7fffe084e610 .functor AND 1, v0x7fffe084dff0_0, v0x7fffe084e090_0, C4<1>, C4<1>;
L_0x7fffe084e6b0 .functor OR 1, L_0x7fffe084e5a0, L_0x7fffe084e610, C4<0>, C4<0>;
L_0x7fffe084e770 .functor AND 1, v0x7fffe084e090_0, v0x7fffe084df30_0, C4<1>, C4<1>;
L_0x7fffe084e940 .functor OR 1, L_0x7fffe084e6b0, L_0x7fffe084e770, C4<0>, C4<0>;
v0x7fffe082d8a0_0 .net *"_s0", 0 0, L_0x7fffe084e300;  1 drivers
v0x7fffe084d720_0 .net *"_s10", 0 0, L_0x7fffe084e770;  1 drivers
v0x7fffe084d800_0 .net *"_s4", 0 0, L_0x7fffe084e5a0;  1 drivers
v0x7fffe084d8c0_0 .net *"_s6", 0 0, L_0x7fffe084e610;  1 drivers
v0x7fffe084d9a0_0 .net *"_s8", 0 0, L_0x7fffe084e6b0;  1 drivers
v0x7fffe084dad0_0 .net "a", 0 0, v0x7fffe084df30_0;  1 drivers
v0x7fffe084db90_0 .net "b", 0 0, v0x7fffe084dff0_0;  1 drivers
v0x7fffe084dc50_0 .net "ci", 0 0, v0x7fffe084e090_0;  1 drivers
v0x7fffe084dd10_0 .net "co", 0 0, L_0x7fffe084e940;  alias, 1 drivers
v0x7fffe084ddd0_0 .net "s", 0 0, L_0x7fffe084e440;  alias, 1 drivers
    .scope S_0x7fffe082d4d0;
T_0 ;
    %vpi_call 2 16 "$dumpfile", "FA_TEST.vcd" {0 0 0};
    %vpi_call 2 17 "$dumpvars", 32'sb00000000000000000000000000000000 {0 0 0};
    %vpi_call 2 18 "$monitor", "%4t a:%b b:%b ci:%b co:%b s:%b ", $time, v0x7fffe084df30_0, v0x7fffe084dff0_0, v0x7fffe084e090_0, v0x7fffe084e190_0, v0x7fffe084e260_0 {0 0 0};
    %pushi/vec4 0, 0, 1;
    %store/vec4 v0x7fffe084df30_0, 0, 1;
    %pushi/vec4 0, 0, 1;
    %store/vec4 v0x7fffe084dff0_0, 0, 1;
    %pushi/vec4 0, 0, 1;
    %store/vec4 v0x7fffe084e090_0, 0, 1;
    %delay 10, 0;
    %pushi/vec4 1, 0, 1;
    %store/vec4 v0x7fffe084df30_0, 0, 1;
    %delay 10, 0;
    %pushi/vec4 1, 0, 1;
    %store/vec4 v0x7fffe084dff0_0, 0, 1;
    %delay 10, 0;
    %pushi/vec4 0, 0, 1;
    %store/vec4 v0x7fffe084df30_0, 0, 1;
    %delay 10, 0;
    %pushi/vec4 0, 0, 1;
    %store/vec4 v0x7fffe084dff0_0, 0, 1;
    %delay 0, 0;
    %pushi/vec4 1, 0, 1;
    %store/vec4 v0x7fffe084e090_0, 0, 1;
    %delay 10, 0;
    %pushi/vec4 1, 0, 1;
    %store/vec4 v0x7fffe084df30_0, 0, 1;
    %delay 10, 0;
    %pushi/vec4 1, 0, 1;
    %store/vec4 v0x7fffe084dff0_0, 0, 1;
    %delay 10, 0;
    %pushi/vec4 0, 0, 1;
    %store/vec4 v0x7fffe084df30_0, 0, 1;
    %delay 10, 0;
    %vpi_call 2 32 "$finish" {0 0 0};
    %end;
    .thread T_0;
# The file index is used to find the file name in the following table.
:file_names 3;
    "N/A";
    "<interactive>";
    "/mnt/c/Users/kouki/Documents/Projects/verilog_test/exam2/ex4/e4.v";
