#! /usr/bin/vvp
:ivl_version "10.1 (stable)";
:ivl_delay_selection "TYPICAL";
:vpi_time_precision + 0;
:vpi_module "system";
:vpi_module "vhdl_sys";
:vpi_module "v2005_math";
:vpi_module "va_math";
S_0x7fffe61d0a00 .scope module, "latch_test" "latch_test" 2 11;
 .timescale 0 0;
v0x7fffe61f1080_0 .var "D", 0 0;
v0x7fffe61f1150_0 .var "G", 0 0;
v0x7fffe61f1220_0 .net "Q", 0 0, v0x7fffe61f0f60_0;  1 drivers
S_0x7fffe61d0b80 .scope module, "l" "latch" 2 15, 2 1 0, S_0x7fffe61d0a00;
 .timescale 0 0;
    .port_info 0 /INPUT 1 "G"
    .port_info 1 /INPUT 1 "D"
    .port_info 2 /OUTPUT 1 "Q"
v0x7fffe61d0dc0_0 .net "D", 0 0, v0x7fffe61f1080_0;  1 drivers
v0x7fffe61f0ea0_0 .net "G", 0 0, v0x7fffe61f1150_0;  1 drivers
v0x7fffe61f0f60_0 .var "Q", 0 0;
E_0x7fffe61cb600 .event edge, v0x7fffe61d0dc0_0, v0x7fffe61f0ea0_0;
    .scope S_0x7fffe61d0b80;
T_0 ;
    %wait E_0x7fffe61cb600;
    %load/vec4 v0x7fffe61f0ea0_0;
    %flag_set/vec4 8;
    %jmp/0xz  T_0.0, 8;
    %load/vec4 v0x7fffe61d0dc0_0;
    %store/vec4 v0x7fffe61f0f60_0, 0, 1;
T_0.0 ;
    %jmp T_0;
    .thread T_0, $push;
    .scope S_0x7fffe61d0a00;
T_1 ;
    %vpi_call 2 18 "$dumpfile", "AND2_TEST.vcd" {0 0 0};
    %vpi_call 2 19 "$dumpvars", 32'sb00000000000000000000000000000000 {0 0 0};
    %vpi_call 2 20 "$monitor", "%4t G:%b D:%b Q:%b", $time, v0x7fffe61f1150_0, v0x7fffe61f1080_0, v0x7fffe61f1220_0 {0 0 0};
    %pushi/vec4 1, 0, 1;
    %store/vec4 v0x7fffe61f1150_0, 0, 1;
    %pushi/vec4 1, 0, 1;
    %store/vec4 v0x7fffe61f1080_0, 0, 1;
    %delay 10, 0;
    %pushi/vec4 0, 0, 1;
    %store/vec4 v0x7fffe61f1080_0, 0, 1;
    %delay 10, 0;
    %pushi/vec4 1, 0, 1;
    %store/vec4 v0x7fffe61f1080_0, 0, 1;
    %delay 10, 0;
    %pushi/vec4 0, 0, 1;
    %store/vec4 v0x7fffe61f1150_0, 0, 1;
    %delay 10, 0;
    %pushi/vec4 0, 0, 1;
    %store/vec4 v0x7fffe61f1080_0, 0, 1;
    %delay 10, 0;
    %pushi/vec4 1, 0, 1;
    %store/vec4 v0x7fffe61f1080_0, 0, 1;
    %delay 10, 0;
    %pushi/vec4 0, 0, 1;
    %store/vec4 v0x7fffe61f1080_0, 0, 1;
    %delay 10, 0;
    %vpi_call 2 30 "$finish" {0 0 0};
    %end;
    .thread T_1;
# The file index is used to find the file name in the following table.
:file_names 3;
    "N/A";
    "<interactive>";
    "/mnt/c/Users/kouki/Documents/Projects/verilog_test/exam3/3a/a.v";
