#! /usr/bin/vvp
:ivl_version "10.1 (stable)";
:ivl_delay_selection "TYPICAL";
:vpi_time_precision - 9;
:vpi_module "system";
:vpi_module "vhdl_sys";
:vpi_module "v2005_math";
:vpi_module "va_math";
S_0x56209ab4c9d0 .scope module, "PENC4_test_2" "PENC4_test_2" 2 20;
 .timescale -9 -9;
v0x56209ab6d2a0_0 .var "A", 3 0;
v0x56209ab6d360_0 .net "VALID", 0 0, L_0x56209ab6d670;  1 drivers
v0x56209ab6d430_0 .net "Y", 1 0, L_0x56209ab6d530;  1 drivers
S_0x56209ab4cb50 .scope module, "pe4" "PENC4" 2 25, 2 1 0, S_0x56209ab4c9d0;
 .timescale 0 0;
    .port_info 0 /INPUT 4 "A"
    .port_info 1 /OUTPUT 2 "Y"
    .port_info 2 /OUTPUT 1 "VALID"
v0x56209ab6cfa0_0 .net "A", 3 0, v0x56209ab6d2a0_0;  1 drivers
v0x56209ab6d0a0_0 .net "VALID", 0 0, L_0x56209ab6d670;  alias, 1 drivers
v0x56209ab6d160_0 .net "Y", 1 0, L_0x56209ab6d530;  alias, 1 drivers
L_0x56209ab6d530 .ufunc TD_PENC4_test_2.pe4.encode, 2, v0x56209ab6d2a0_0 (v0x56209ab4cf40_0) v0x56209ab6cec0_0 S_0x56209ab4cd70;
L_0x56209ab6d670 .reduce/or v0x56209ab6d2a0_0;
S_0x56209ab4cd70 .scope function, "encode" "encode" 2 6, 2 6 0, S_0x56209ab4cb50;
 .timescale 0 0;
v0x56209ab4cf40_0 .var "a", 3 0;
v0x56209ab6cec0_0 .var "encode", 1 0;
TD_PENC4_test_2.pe4.encode ;
    %load/vec4 v0x56209ab4cf40_0;
    %parti/s 1, 3, 3;
    %load/vec4 v0x56209ab4cf40_0;
    %parti/s 1, 2, 3;
    %or;
    %load/vec4 v0x56209ab4cf40_0;
    %parti/s 1, 2, 3;
    %inv;
    %load/vec4 v0x56209ab4cf40_0;
    %parti/s 1, 1, 2;
    %and;
    %load/vec4 v0x56209ab4cf40_0;
    %parti/s 1, 3, 3;
    %or;
    %concat/vec4; draw_concat_vec4
    %store/vec4 v0x56209ab6cec0_0, 0, 2;
    %end;
    .scope S_0x56209ab4c9d0;
T_1 ;
    %vpi_call 2 28 "$dumpfile", "PENC4_test_2.vcd" {0 0 0};
    %vpi_call 2 29 "$dumpvars", 32'sb00000000000000000000000000000000 {0 0 0};
    %vpi_call 2 30 "$monitor", "%4t: A = %b, VALID = %b, Y = %d", $time, v0x56209ab6d2a0_0, v0x56209ab6d360_0, v0x56209ab6d430_0 {0 0 0};
    %pushi/vec4 0, 0, 4;
    %store/vec4 v0x56209ab6d2a0_0, 0, 4;
    %delay 10, 0;
    %pushi/vec4 8, 0, 4;
    %store/vec4 v0x56209ab6d2a0_0, 0, 4;
    %delay 10, 0;
    %pushi/vec4 12, 0, 4;
    %store/vec4 v0x56209ab6d2a0_0, 0, 4;
    %delay 10, 0;
    %pushi/vec4 4, 0, 4;
    %store/vec4 v0x56209ab6d2a0_0, 0, 4;
    %delay 10, 0;
    %pushi/vec4 6, 0, 4;
    %store/vec4 v0x56209ab6d2a0_0, 0, 4;
    %delay 10, 0;
    %pushi/vec4 2, 0, 4;
    %store/vec4 v0x56209ab6d2a0_0, 0, 4;
    %delay 10, 0;
    %pushi/vec4 3, 0, 4;
    %store/vec4 v0x56209ab6d2a0_0, 0, 4;
    %delay 10, 0;
    %pushi/vec4 1, 0, 4;
    %store/vec4 v0x56209ab6d2a0_0, 0, 4;
    %delay 5, 0;
    %vpi_call 2 40 "$finish" {0 0 0};
    %end;
    .thread T_1;
# The file index is used to find the file name in the following table.
:file_names 3;
    "N/A";
    "<interactive>";
    "/mnt/c/Users/kouki/Documents/Projects/verilog_test/tayu/PENC4_2.v";
