#! /usr/bin/vvp
:ivl_version "10.1 (stable)";
:ivl_delay_selection "TYPICAL";
:vpi_time_precision + 0;
:vpi_module "system";
:vpi_module "vhdl_sys";
:vpi_module "v2005_math";
:vpi_module "va_math";
S_0x7fffd5e60010 .scope module, "ff_test" "ff_test" 2 33;
 .timescale 0 0;
v0x7fffd5e81390_0 .var "CK", 0 0;
v0x7fffd5e81430_0 .var "D", 0 0;
v0x7fffd5e814f0_0 .net "Qa", 0 0, v0x7fffd5e801f0_0;  1 drivers
v0x7fffd5e815c0_0 .net "Qi", 0 0, v0x7fffd5e80ed0_0;  1 drivers
S_0x7fffd5e60190 .scope module, "ffa" "pe_ffa" 2 37, 2 22 0, S_0x7fffd5e60010;
 .timescale 0 0;
    .port_info 0 /INPUT 1 "CK"
    .port_info 1 /INPUT 1 "D"
    .port_info 2 /OUTPUT 1 "Q"
v0x7fffd5e603b0_0 .net "CK", 0 0, v0x7fffd5e81390_0;  1 drivers
v0x7fffd5e80130_0 .net "D", 0 0, v0x7fffd5e81430_0;  1 drivers
v0x7fffd5e801f0_0 .var "Q", 0 0;
E_0x7fffd5e57420 .event posedge, v0x7fffd5e603b0_0;
S_0x7fffd5e80310 .scope module, "ffi" "pe_ffi" 2 38, 2 11 0, S_0x7fffd5e60010;
 .timescale 0 0;
    .port_info 0 /INPUT 1 "CK"
    .port_info 1 /INPUT 1 "D"
    .port_info 2 /OUTPUT 1 "Q"
v0x7fffd5e80fe0_0 .net "CK", 0 0, v0x7fffd5e81390_0;  alias, 1 drivers
v0x7fffd5e810d0_0 .net "D", 0 0, v0x7fffd5e81430_0;  alias, 1 drivers
v0x7fffd5e811e0_0 .net "Q", 0 0, v0x7fffd5e80ed0_0;  alias, 1 drivers
v0x7fffd5e81280_0 .net "q1", 0 0, v0x7fffd5e80960_0;  1 drivers
L_0x7fffd5e816b0 .reduce/nor v0x7fffd5e81390_0;
S_0x7fffd5e80530 .scope module, "l1" "latch" 2 17, 2 1 0, S_0x7fffd5e80310;
 .timescale 0 0;
    .port_info 0 /INPUT 1 "G"
    .port_info 1 /INPUT 1 "D"
    .port_info 2 /OUTPUT 1 "Q"
v0x7fffd5e807d0_0 .net "D", 0 0, v0x7fffd5e81430_0;  alias, 1 drivers
v0x7fffd5e808c0_0 .net "G", 0 0, L_0x7fffd5e816b0;  1 drivers
v0x7fffd5e80960_0 .var "Q", 0 0;
E_0x7fffd5e57550 .event edge, v0x7fffd5e80130_0, v0x7fffd5e808c0_0;
S_0x7fffd5e80ab0 .scope module, "l2" "latch" 2 18, 2 1 0, S_0x7fffd5e80310;
 .timescale 0 0;
    .port_info 0 /INPUT 1 "G"
    .port_info 1 /INPUT 1 "D"
    .port_info 2 /OUTPUT 1 "Q"
v0x7fffd5e80d10_0 .net "D", 0 0, v0x7fffd5e80960_0;  alias, 1 drivers
v0x7fffd5e80e00_0 .net "G", 0 0, v0x7fffd5e81390_0;  alias, 1 drivers
v0x7fffd5e80ed0_0 .var "Q", 0 0;
E_0x7fffd5e57790 .event edge, v0x7fffd5e80960_0, v0x7fffd5e603b0_0;
    .scope S_0x7fffd5e60190;
T_0 ;
    %wait E_0x7fffd5e57420;
    %load/vec4 v0x7fffd5e80130_0;
    %store/vec4 v0x7fffd5e801f0_0, 0, 1;
    %jmp T_0;
    .thread T_0;
    .scope S_0x7fffd5e80530;
T_1 ;
    %wait E_0x7fffd5e57550;
    %load/vec4 v0x7fffd5e808c0_0;
    %flag_set/vec4 8;
    %jmp/0xz  T_1.0, 8;
    %load/vec4 v0x7fffd5e807d0_0;
    %store/vec4 v0x7fffd5e80960_0, 0, 1;
T_1.0 ;
    %jmp T_1;
    .thread T_1, $push;
    .scope S_0x7fffd5e80ab0;
T_2 ;
    %wait E_0x7fffd5e57790;
    %load/vec4 v0x7fffd5e80e00_0;
    %flag_set/vec4 8;
    %jmp/0xz  T_2.0, 8;
    %load/vec4 v0x7fffd5e80d10_0;
    %store/vec4 v0x7fffd5e80ed0_0, 0, 1;
T_2.0 ;
    %jmp T_2;
    .thread T_2, $push;
    .scope S_0x7fffd5e60010;
T_3 ;
    %vpi_call 2 41 "$dumpfile", "ff.vcd" {0 0 0};
    %vpi_call 2 42 "$dumpvars", 32'sb00000000000000000000000000000000 {0 0 0};
    %vpi_call 2 43 "$monitor", "%4t CK:%b D:%b Qa:%b Qi:%b", $time, v0x7fffd5e81390_0, v0x7fffd5e81430_0, v0x7fffd5e814f0_0, v0x7fffd5e815c0_0 {0 0 0};
    %pushi/vec4 1, 0, 1;
    %store/vec4 v0x7fffd5e81430_0, 0, 1;
    %pushi/vec4 0, 0, 1;
    %store/vec4 v0x7fffd5e81390_0, 0, 1;
    %delay 5, 0;
    %pushi/vec4 0, 0, 1;
    %store/vec4 v0x7fffd5e81430_0, 0, 1;
    %delay 10, 0;
    %pushi/vec4 1, 0, 1;
    %store/vec4 v0x7fffd5e81430_0, 0, 1;
    %delay 10, 0;
    %pushi/vec4 0, 0, 1;
    %store/vec4 v0x7fffd5e81430_0, 0, 1;
    %delay 2, 0;
    %pushi/vec4 1, 0, 1;
    %store/vec4 v0x7fffd5e81430_0, 0, 1;
    %delay 8, 0;
    %pushi/vec4 0, 0, 1;
    %store/vec4 v0x7fffd5e81430_0, 0, 1;
    %delay 15, 0;
    %vpi_call 2 53 "$finish" {0 0 0};
    %end;
    .thread T_3;
    .scope S_0x7fffd5e60010;
T_4 ;
    %delay 10, 0;
    %load/vec4 v0x7fffd5e81390_0;
    %inv;
    %assign/vec4 v0x7fffd5e81390_0, 0;
    %jmp T_4;
    .thread T_4;
# The file index is used to find the file name in the following table.
:file_names 3;
    "N/A";
    "<interactive>";
    "/mnt/c/Users/kouki/Documents/Projects/verilog_test/exam3/3d/a.v";
