#! /usr/bin/vvp
:ivl_version "10.1 (stable)";
:ivl_delay_selection "TYPICAL";
:vpi_time_precision - 3;
:vpi_module "system";
:vpi_module "vhdl_sys";
:vpi_module "v2005_math";
:vpi_module "va_math";
S_0x7fffe156dc60 .scope module, "stopwatch_TEST" "stopwatch_TEST" 2 39;
 .timescale -3 -3;
v0x7fffe158e450_0 .var "CK", 0 0;
v0x7fffe158e510_0 .net "Q", 3 0, v0x7fffe158e030_0;  1 drivers
v0x7fffe158e5e0_0 .var "Z", 0 0;
v0x7fffe158e6e0_0 .var "nRES", 0 0;
S_0x7fffe156dde0 .scope module, "A" "COUNT" 2 44, 2 3 0, S_0x7fffe156dc60;
 .timescale -3 -3;
    .port_info 0 /INPUT 1 "CK"
    .port_info 1 /INPUT 1 "nRES"
    .port_info 2 /INPUT 1 "Z"
    .port_info 3 /OUTPUT 4 "Q"
P_0x7fffe1568cf0 .param/l "IDLE" 0 2 7, C4<0>;
P_0x7fffe1568d30 .param/l "RUN" 0 2 8, C4<1>;
v0x7fffe156e050_0 .net "CK", 0 0, v0x7fffe158e450_0;  1 drivers
v0x7fffe158e030_0 .var "Q", 3 0;
v0x7fffe158e110_0 .net "Z", 0 0, v0x7fffe158e5e0_0;  1 drivers
v0x7fffe158e1e0_0 .net "nRES", 0 0, v0x7fffe158e6e0_0;  1 drivers
v0x7fffe158e2a0_0 .var "rSTATE", 0 0;
E_0x7fffe1563b50 .event posedge, v0x7fffe156e050_0;
    .scope S_0x7fffe156dde0;
T_0 ;
    %wait E_0x7fffe1563b50;
    %load/vec4 v0x7fffe158e1e0_0;
    %nor/r;
    %flag_set/vec4 8;
    %jmp/0xz  T_0.0, 8;
    %pushi/vec4 0, 0, 4;
    %assign/vec4 v0x7fffe158e030_0, 0;
    %jmp T_0.1;
T_0.0 ;
    %load/vec4 v0x7fffe158e2a0_0;
    %dup/vec4;
    %pushi/vec4 0, 0, 1;
    %cmp/u;
    %jmp/1 T_0.2, 6;
    %dup/vec4;
    %pushi/vec4 1, 0, 1;
    %cmp/u;
    %jmp/1 T_0.3, 6;
    %pushi/vec4 0, 0, 1;
    %assign/vec4 v0x7fffe158e2a0_0, 0;
    %jmp T_0.5;
T_0.2 ;
    %load/vec4 v0x7fffe158e110_0;
    %pad/u 32;
    %cmpi/e 1, 0, 32;
    %jmp/0xz  T_0.6, 4;
    %pushi/vec4 1, 0, 1;
    %assign/vec4 v0x7fffe158e2a0_0, 0;
T_0.6 ;
    %jmp T_0.5;
T_0.3 ;
    %load/vec4 v0x7fffe158e110_0;
    %pad/u 32;
    %cmpi/e 1, 0, 32;
    %jmp/0xz  T_0.8, 4;
    %pushi/vec4 0, 0, 1;
    %assign/vec4 v0x7fffe158e2a0_0, 0;
    %jmp T_0.9;
T_0.8 ;
    %load/vec4 v0x7fffe158e030_0;
    %cmpi/e 9, 0, 4;
    %jmp/0xz  T_0.10, 4;
    %pushi/vec4 0, 0, 4;
    %assign/vec4 v0x7fffe158e030_0, 0;
    %jmp T_0.11;
T_0.10 ;
    %load/vec4 v0x7fffe158e030_0;
    %addi 1, 0, 4;
    %assign/vec4 v0x7fffe158e030_0, 0;
T_0.11 ;
T_0.9 ;
    %jmp T_0.5;
T_0.5 ;
    %pop/vec4 1;
T_0.1 ;
    %jmp T_0;
    .thread T_0;
    .scope S_0x7fffe156dc60;
T_1 ;
    %vpi_call 2 47 "$dumpfile", "test.vcd" {0 0 0};
    %vpi_call 2 48 "$dumpvars", 32'sb00000000000000000000000000000000 {0 0 0};
    %vpi_call 2 49 "$monitor", "%4t CK:%b nRES:%b Z:%b Q:%b", $time, v0x7fffe158e450_0, v0x7fffe158e6e0_0, v0x7fffe158e5e0_0, v0x7fffe158e510_0 {0 0 0};
    %pushi/vec4 0, 0, 1;
    %store/vec4 v0x7fffe158e450_0, 0, 1;
    %pushi/vec4 0, 0, 1;
    %store/vec4 v0x7fffe158e6e0_0, 0, 1;
    %pushi/vec4 0, 0, 1;
    %store/vec4 v0x7fffe158e5e0_0, 0, 1;
    %delay 10, 0;
    %pushi/vec4 1, 0, 1;
    %store/vec4 v0x7fffe158e6e0_0, 0, 1;
    %delay 14, 0;
    %pushi/vec4 1, 0, 1;
    %store/vec4 v0x7fffe158e5e0_0, 0, 1;
    %delay 2, 0;
    %pushi/vec4 0, 0, 1;
    %store/vec4 v0x7fffe158e5e0_0, 0, 1;
    %delay 200, 0;
    %vpi_call 2 57 "$finish" {0 0 0};
    %end;
    .thread T_1;
    .scope S_0x7fffe156dc60;
T_2 ;
    %delay 5, 0;
    %load/vec4 v0x7fffe158e450_0;
    %inv;
    %store/vec4 v0x7fffe158e450_0, 0, 1;
    %jmp T_2;
    .thread T_2;
# The file index is used to find the file name in the following table.
:file_names 3;
    "N/A";
    "<interactive>";
    "/mnt/c/Users/kouki/Projects/verilog_test/shozi/SW1.v";
