#! /usr/bin/vvp
:ivl_version "10.1 (stable)";
:ivl_delay_selection "TYPICAL";
:vpi_time_precision + 0;
:vpi_module "system";
:vpi_module "vhdl_sys";
:vpi_module "v2005_math";
:vpi_module "va_math";
S_0x7fffefe48a00 .scope module, "BARREL_TEST" "BARREL_TEST" 2 20;
 .timescale 0 0;
v0x7fffefe69000_0 .var "A", 7 0;
v0x7fffefe690f0_0 .var "S", 1 0;
v0x7fffefe691c0_0 .net "Y", 7 0, v0x7fffefe68ec0_0;  1 drivers
S_0x7fffefe48b80 .scope module, "B" "BARREL" 2 25, 2 1 0, S_0x7fffefe48a00;
 .timescale 0 0;
    .port_info 0 /OUTPUT 8 "Y"
    .port_info 1 /INPUT 8 "A"
    .port_info 2 /INPUT 2 "S"
v0x7fffefe48da0_0 .net "A", 7 0, v0x7fffefe69000_0;  1 drivers
v0x7fffefe68de0_0 .net "S", 1 0, v0x7fffefe690f0_0;  1 drivers
v0x7fffefe68ec0_0 .var "Y", 7 0;
E_0x7fffefe3f710 .event edge, v0x7fffefe68de0_0, v0x7fffefe48da0_0;
    .scope S_0x7fffefe48b80;
T_0 ;
    %wait E_0x7fffefe3f710;
    %load/vec4 v0x7fffefe68de0_0;
    %parti/s 1, 1, 2;
    %pad/u 32;
    %muli 2, 0, 32;
    %load/vec4 v0x7fffefe68de0_0;
    %parti/s 1, 0, 2;
    %pad/u 32;
    %add;
    %dup/vec4;
    %pushi/vec4 0, 0, 32;
    %cmp/u;
    %jmp/1 T_0.0, 6;
    %dup/vec4;
    %pushi/vec4 1, 0, 32;
    %cmp/u;
    %jmp/1 T_0.1, 6;
    %dup/vec4;
    %pushi/vec4 2, 0, 32;
    %cmp/u;
    %jmp/1 T_0.2, 6;
    %dup/vec4;
    %pushi/vec4 3, 0, 32;
    %cmp/u;
    %jmp/1 T_0.3, 6;
    %load/vec4 v0x7fffefe48da0_0;
    %store/vec4 v0x7fffefe68ec0_0, 0, 8;
    %jmp T_0.5;
T_0.0 ;
    %load/vec4 v0x7fffefe48da0_0;
    %store/vec4 v0x7fffefe68ec0_0, 0, 8;
    %jmp T_0.5;
T_0.1 ;
    %load/vec4 v0x7fffefe48da0_0;
    %parti/s 7, 0, 2;
    %concati/vec4 0, 0, 1;
    %store/vec4 v0x7fffefe68ec0_0, 0, 8;
    %jmp T_0.5;
T_0.2 ;
    %load/vec4 v0x7fffefe48da0_0;
    %parti/s 6, 0, 2;
    %concati/vec4 0, 0, 2;
    %store/vec4 v0x7fffefe68ec0_0, 0, 8;
    %jmp T_0.5;
T_0.3 ;
    %load/vec4 v0x7fffefe48da0_0;
    %parti/s 5, 0, 2;
    %concati/vec4 0, 0, 3;
    %store/vec4 v0x7fffefe68ec0_0, 0, 8;
    %jmp T_0.5;
T_0.5 ;
    %pop/vec4 1;
    %jmp T_0;
    .thread T_0, $push;
    .scope S_0x7fffefe48a00;
T_1 ;
    %vpi_call 2 28 "$dumpfile", "bs.vcd" {0 0 0};
    %vpi_call 2 29 "$dumpvars", 32'sb00000000000000000000000000000000 {0 0 0};
    %vpi_call 2 30 "$monitor", "%4t A:%b S:%d Y:%b", $time, v0x7fffefe69000_0, v0x7fffefe690f0_0, v0x7fffefe691c0_0 {0 0 0};
    %pushi/vec4 199, 0, 8;
    %store/vec4 v0x7fffefe69000_0, 0, 8;
    %delay 0, 0;
    %pushi/vec4 0, 0, 2;
    %store/vec4 v0x7fffefe690f0_0, 0, 2;
    %delay 10, 0;
    %pushi/vec4 1, 0, 2;
    %store/vec4 v0x7fffefe690f0_0, 0, 2;
    %delay 10, 0;
    %pushi/vec4 2, 0, 2;
    %store/vec4 v0x7fffefe690f0_0, 0, 2;
    %delay 10, 0;
    %pushi/vec4 3, 0, 2;
    %store/vec4 v0x7fffefe690f0_0, 0, 2;
    %delay 10, 0;
    %vpi_call 2 38 "$finish" {0 0 0};
    %end;
    .thread T_1;
# The file index is used to find the file name in the following table.
:file_names 3;
    "N/A";
    "<interactive>";
    "/mnt/c/Users/kouki/Documents/Projects/verilog_test/exam4/3c/a.v";
