#! /usr/bin/vvp
:ivl_version "10.1 (stable)";
:ivl_delay_selection "TYPICAL";
:vpi_time_precision - 9;
:vpi_module "system";
:vpi_module "vhdl_sys";
:vpi_module "v2005_math";
:vpi_module "va_math";
S_0x7ffff0048be0 .scope module, "HA_TEST" "HA_TEST" 2 16;
 .timescale -9 -9;
v0x7ffff0069150_0 .var "a", 0 0;
v0x7ffff0069210_0 .var "b", 0 0;
v0x7ffff00692e0_0 .net "c", 0 0, L_0x7ffff0069610;  1 drivers
v0x7ffff00693e0_0 .net "s", 0 0, L_0x7ffff00694b0;  1 drivers
S_0x7ffff0048d60 .scope module, "A" "HA" 2 20, 2 4 0, S_0x7ffff0048be0;
 .timescale 0 0;
    .port_info 0 /INPUT 1 "a"
    .port_info 1 /INPUT 1 "b"
    .port_info 2 /OUTPUT 1 "s"
    .port_info 3 /OUTPUT 1 "c"
L_0x7ffff00694b0 .functor XOR 1, v0x7ffff0069150_0, v0x7ffff0069210_0, C4<0>, C4<0>;
L_0x7ffff0069610 .functor AND 1, v0x7ffff0069150_0, v0x7ffff0069210_0, C4<1>, C4<1>;
v0x7ffff0048fa0_0 .net "a", 0 0, v0x7ffff0069150_0;  1 drivers
v0x7ffff0068e80_0 .net "b", 0 0, v0x7ffff0069210_0;  1 drivers
v0x7ffff0068f40_0 .net "c", 0 0, L_0x7ffff0069610;  alias, 1 drivers
v0x7ffff0068fe0_0 .net "s", 0 0, L_0x7ffff00694b0;  alias, 1 drivers
    .scope S_0x7ffff0048be0;
T_0 ;
    %vpi_call 2 22 "$dumpfile", "HA_TEST.vcd" {0 0 0};
    %vpi_call 2 23 "$dumpvars", 32'sb00000000000000000000000000000000 {0 0 0};
    %vpi_call 2 24 "$monitor", "%4t a:%b b:%b s:%b c:%b", $time, v0x7ffff0069150_0, v0x7ffff0069210_0, v0x7ffff00693e0_0, v0x7ffff00692e0_0 {0 0 0};
    %pushi/vec4 0, 0, 1;
    %store/vec4 v0x7ffff0069150_0, 0, 1;
    %pushi/vec4 0, 0, 1;
    %store/vec4 v0x7ffff0069210_0, 0, 1;
    %delay 10, 0;
    %pushi/vec4 1, 0, 1;
    %store/vec4 v0x7ffff0069150_0, 0, 1;
    %delay 10, 0;
    %pushi/vec4 1, 0, 1;
    %store/vec4 v0x7ffff0069210_0, 0, 1;
    %delay 10, 0;
    %pushi/vec4 0, 0, 1;
    %store/vec4 v0x7ffff0069150_0, 0, 1;
    %delay 10, 0;
    %vpi_call 2 32 "$finish" {0 0 0};
    %end;
    .thread T_0;
# The file index is used to find the file name in the following table.
:file_names 3;
    "N/A";
    "<interactive>";
    "/mnt/c/Users/kouki/Documents/Projects/verilog_test/exam2/ex3/e3.v";
