#! /usr/bin/vvp
:ivl_version "10.1 (stable)";
:ivl_delay_selection "TYPICAL";
:vpi_time_precision - 9;
:vpi_module "system";
:vpi_module "vhdl_sys";
:vpi_module "v2005_math";
:vpi_module "va_math";
S_0x7fffc7ca71e0 .scope module, "AND2_TEST" "AND2_TEST" 2 18;
 .timescale -9 -9;
v0x7fffc7cc78f0_0 .net "L", 0 0, L_0x7fffc7cc7d90;  1 drivers
v0x7fffc7cc79b0_0 .var "SW0", 0 0;
v0x7fffc7cc7a80_0 .var "SW1", 0 0;
v0x7fffc7cc7b80_0 .var "SW2", 0 0;
S_0x7fffc7ca7360 .scope module, "A" "AND2" 2 23, 2 4 0, S_0x7fffc7ca71e0;
 .timescale 0 0;
    .port_info 0 /INPUT 1 "SW0"
    .port_info 1 /INPUT 1 "SW1"
    .port_info 2 /INPUT 1 "SW2"
    .port_info 3 /OUTPUT 1 "L"
L_0x7fffc7cc7c50 .functor AND 1, v0x7fffc7cc79b0_0, v0x7fffc7cc7a80_0, C4<1>, C4<1>;
L_0x7fffc7cc7d90 .functor AND 1, L_0x7fffc7cc7c50, v0x7fffc7cc7b80_0, C4<1>, C4<1>;
v0x7fffc7ca75a0_0 .net "L", 0 0, L_0x7fffc7cc7d90;  alias, 1 drivers
v0x7fffc7cc7520_0 .net "SW0", 0 0, v0x7fffc7cc79b0_0;  1 drivers
v0x7fffc7cc75e0_0 .net "SW1", 0 0, v0x7fffc7cc7a80_0;  1 drivers
v0x7fffc7cc7680_0 .net "SW2", 0 0, v0x7fffc7cc7b80_0;  1 drivers
v0x7fffc7cc7740_0 .net *"_s0", 0 0, L_0x7fffc7cc7c50;  1 drivers
    .scope S_0x7fffc7ca71e0;
T_0 ;
    %vpi_call 2 26 "$dumpfile", "AND2_TEST.vcd" {0 0 0};
    %vpi_call 2 27 "$dumpvars", 32'sb00000000000000000000000000000000 {0 0 0};
    %vpi_call 2 28 "$monitor", "%4t SW0:%b SW1:%b SW2:%b L:%b", $time, v0x7fffc7cc79b0_0, v0x7fffc7cc7a80_0, v0x7fffc7cc7b80_0, v0x7fffc7cc78f0_0 {0 0 0};
    %pushi/vec4 0, 0, 1;
    %store/vec4 v0x7fffc7cc79b0_0, 0, 1;
    %pushi/vec4 0, 0, 1;
    %store/vec4 v0x7fffc7cc7a80_0, 0, 1;
    %pushi/vec4 0, 0, 1;
    %store/vec4 v0x7fffc7cc7b80_0, 0, 1;
    %delay 10, 0;
    %pushi/vec4 1, 0, 1;
    %store/vec4 v0x7fffc7cc79b0_0, 0, 1;
    %delay 10, 0;
    %pushi/vec4 1, 0, 1;
    %store/vec4 v0x7fffc7cc7a80_0, 0, 1;
    %delay 10, 0;
    %pushi/vec4 1, 0, 1;
    %store/vec4 v0x7fffc7cc7b80_0, 0, 1;
    %delay 10, 0;
    %pushi/vec4 0, 0, 1;
    %store/vec4 v0x7fffc7cc79b0_0, 0, 1;
    %delay 10, 0;
    %vpi_call 2 37 "$finish" {0 0 0};
    %end;
    .thread T_0;
# The file index is used to find the file name in the following table.
:file_names 3;
    "N/A";
    "<interactive>";
    "AND2.v";
